Using pre-set license
Built from '2020.3/staging' branch; Version is '2020.3.22f1 (e1a7f79fd887) revision 14788599'; Using compiler version '192528614'; Build Type 'Release'
OS: 'Windows 10 Education; OS build 19042.1348; Version 2009; 64bit' Language: 'fr' Physical Memory: 16248 MB
BatchMode: 1, IsHumanControllingUs: 0, StartBugReporterOnCrash: 0, Is64bit: 1, IsPro: 0

COMMAND LINE ARGUMENTS:
C:\Program Files\Unity\Hub\Editor\2020.3.22f1\Editor\Unity.exe
-adb2
-batchMode
-noUpm
-name
AssetImportWorker0
-projectPath
C:/Code/Unity/JeuxExa/JeuxExa
-logFile
Logs/AssetImportWorker0.log
-srvPort
54577
Successfully changed project path to: C:/Code/Unity/JeuxExa/JeuxExa
C:/Code/Unity/JeuxExa/JeuxExa
Using Asset Import Pipeline V2.
Refreshing native plugins compatible for Editor in 58.43 ms, found 4 plugins.
Preloading 0 native plugins for Editor in 0.00 ms.
Initialize engine version: 2020.3.22f1 (e1a7f79fd887)
[Subsystems] Discovering subsystems at path C:/Program Files/Unity/Hub/Editor/2020.3.22f1/Editor/Data/Resources/UnitySubsystems
[Subsystems] Discovering subsystems at path C:/Code/Unity/JeuxExa/JeuxExa/Assets
GfxDevice: creating device client; threaded=0
Direct3D:
    Version:  Direct3D 11.0 [level 11.1]
    Renderer: Intel(R) HD Graphics 530 (ID=0x1912)
    Vendor:   
    VRAM:     8124 MB
    Driver:   25.20.100.6618
Initialize mono
Mono path[0] = 'C:/Program Files/Unity/Hub/Editor/2020.3.22f1/Editor/Data/Managed'
Mono path[1] = 'C:/Program Files/Unity/Hub/Editor/2020.3.22f1/Editor/Data/MonoBleedingEdge/lib/mono/unityjit'
Mono config path = 'C:/Program Files/Unity/Hub/Editor/2020.3.22f1/Editor/Data/MonoBleedingEdge/etc'
Using monoOptions --debugger-agent=transport=dt_socket,embedding=1,server=y,suspend=n,address=127.0.0.1:56624
Begin MonoManager ReloadAssembly
Registering precompiled unity dll's ...
Register platform support module: C:/Program Files/Unity/Hub/Editor/2020.3.22f1/Editor/Data/PlaybackEngines/WindowsStandaloneSupport/UnityEditor.WindowsStandalone.Extensions.dll
Registered in 0.002121 seconds.
Native extension for WindowsStandalone target not found
Refreshing native plugins compatible for Editor in 57.94 ms, found 4 plugins.
Preloading 0 native plugins for Editor in 0.00 ms.
Mono: successfully reloaded assembly
- Completed reload, in  1.194 seconds
Domain Reload Profiling:
	ReloadAssembly (1194ms)
		BeginReloadAssembly (59ms)
			ExecutionOrderSort (0ms)
			DisableScriptedObjects (0ms)
			BackupInstance (0ms)
			ReleaseScriptingObjects (0ms)
			CreateAndSetChildDomain (1ms)
		EndReloadAssembly (545ms)
			LoadAssemblies (57ms)
			RebuildTransferFunctionScriptingTraits (0ms)
			SetupTypeCache (190ms)
			ReleaseScriptCaches (0ms)
			RebuildScriptCaches (35ms)
			SetupLoadedEditorAssemblies (207ms)
				LogAssemblyErrors (0ms)
				InitializePlatformSupportModulesInManaged (5ms)
				SetLoadedEditorAssemblies (0ms)
				RefreshPlugins (58ms)
				BeforeProcessingInitializeOnLoad (10ms)
				ProcessInitializeOnLoadAttributes (99ms)
				ProcessInitializeOnLoadMethodAttributes (35ms)
				AfterProcessingInitializeOnLoad (0ms)
				EditorAssembliesLoaded (0ms)
			ExecutionOrderSort2 (0ms)
			AwakeInstancesAfterBackupRestoration (0ms)
Platform modules already initialized, skipping
Registering precompiled user dll's ...
Registered in 0.010393 seconds.
Begin MonoManager ReloadAssembly
Native extension for WindowsStandalone target not found
Refreshing native plugins compatible for Editor in 56.07 ms, found 4 plugins.
Preloading 0 native plugins for Editor in 0.00 ms.
Mono: successfully reloaded assembly
- Completed reload, in  1.458 seconds
Domain Reload Profiling:
	ReloadAssembly (1459ms)
		BeginReloadAssembly (171ms)
			ExecutionOrderSort (0ms)
			DisableScriptedObjects (5ms)
			BackupInstance (0ms)
			ReleaseScriptingObjects (0ms)
			CreateAndSetChildDomain (24ms)
		EndReloadAssembly (1227ms)
			LoadAssemblies (111ms)
			RebuildTransferFunctionScriptingTraits (0ms)
			SetupTypeCache (462ms)
			ReleaseScriptCaches (1ms)
			RebuildScriptCaches (58ms)
			SetupLoadedEditorAssemblies (419ms)
				LogAssemblyErrors (0ms)
				InitializePlatformSupportModulesInManaged (5ms)
				SetLoadedEditorAssemblies (0ms)
				RefreshPlugins (56ms)
				BeforeProcessingInitializeOnLoad (77ms)
				ProcessInitializeOnLoadAttributes (255ms)
				ProcessInitializeOnLoadMethodAttributes (20ms)
				AfterProcessingInitializeOnLoad (6ms)
				EditorAssembliesLoaded (0ms)
			ExecutionOrderSort2 (0ms)
			AwakeInstancesAfterBackupRestoration (7ms)
Platform modules already initialized, skipping
========================================================================
Worker process is ready to serve import requests
Launched and connected shader compiler UnityShaderCompiler.exe after 0.08 seconds
Refreshing native plugins compatible for Editor in 0.71 ms, found 4 plugins.
Preloading 0 native plugins for Editor in 0.00 ms.
Unloading 2198 Unused Serialized files (Serialized files now loaded: 0)
System memory in use before: 96.5 MB.
System memory in use after: 96.7 MB.

Unloading 44 unused Assets to reduce memory usage. Loaded Objects now: 2700.
Total: 4.716800 ms (FindLiveObjects: 0.439900 ms CreateObjectMapping: 0.238600 ms MarkObjects: 3.899200 ms  DeleteObjects: 0.137100 ms)

AssetImportParameters requested are different than current active one (requested -> active):
  custom:framework-win-MediaFoundation: 216162199b28c13a410421893ffa2e32 -> 
  custom:video-decoder-ogg-theora: a1e56fd34408186e4bbccfd4996cb3dc -> 
  custom:container-muxer-webm: aa71ff27fc2769a1b78a27578f13a17b -> 
  custom:container-demuxer-webm: 4f35f7cbe854078d1ac9338744f61a02 -> 
  custom:container-demuxer-ogg: 62fdf1f143b41e24485cea50d1cbac27 -> 
  custom:video-encoder-webm-vp8: eb34c28f22e8b96e1ab97ce403110664 -> 
  custom:video-decoder-webm-vp8: 9c59270c3fd7afecdb556c50c9e8de78 -> 
  custom:audio-decoder-ogg-vorbis: bf7c407c2cedff20999df2af8eb42d56 -> 
  custom:audio-encoder-webm-vorbis: bf7c407c2cedff20999df2af8eb42d56 -> 
========================================================================
Received Import Request.
  path: Assets/Scenes/New Flow Macro.asset
  artifactKey: Guid(29a4646c6963c55419e11c9492523884) Importer(815301076,1909f56bfc062723c751e8b465ee728b)
Start importing Assets/Scenes/New Flow Macro.asset using Guid(29a4646c6963c55419e11c9492523884) Importer(815301076,1909f56bfc062723c751e8b465ee728b)  -> (artifact id: 'efd3b6061c6c5b814fe641049035af02') in 0.112599 seconds 
  Import took 0.116832 seconds .

========================================================================
Received Prepare
Registering precompiled user dll's ...
Registered in 0.010565 seconds.
Begin MonoManager ReloadAssembly
Native extension for WindowsStandalone target not found
Refreshing native plugins compatible for Editor in 0.95 ms, found 4 plugins.
Preloading 0 native plugins for Editor in 0.00 ms.
Mono: successfully reloaded assembly
- Completed reload, in  1.334 seconds
Domain Reload Profiling:
	ReloadAssembly (1335ms)
		BeginReloadAssembly (142ms)
			ExecutionOrderSort (0ms)
			DisableScriptedObjects (7ms)
			BackupInstance (0ms)
			ReleaseScriptingObjects (0ms)
			CreateAndSetChildDomain (52ms)
		EndReloadAssembly (1120ms)
			LoadAssemblies (112ms)
			RebuildTransferFunctionScriptingTraits (0ms)
			SetupTypeCache (457ms)
			ReleaseScriptCaches (1ms)
			RebuildScriptCaches (51ms)
			SetupLoadedEditorAssemblies (358ms)
				LogAssemblyErrors (0ms)
				InitializePlatformSupportModulesInManaged (7ms)
				SetLoadedEditorAssemblies (1ms)
				RefreshPlugins (1ms)
				BeforeProcessingInitializeOnLoad (71ms)
				ProcessInitializeOnLoadAttributes (258ms)
				ProcessInitializeOnLoadMethodAttributes (13ms)
				AfterProcessingInitializeOnLoad (6ms)
				EditorAssembliesLoaded (0ms)
			ExecutionOrderSort2 (0ms)
			AwakeInstancesAfterBackupRestoration (11ms)
Platform modules already initialized, skipping
Refreshing native plugins compatible for Editor in 0.71 ms, found 4 plugins.
Preloading 0 native plugins for Editor in 0.00 ms.
Unloading 2187 Unused Serialized files (Serialized files now loaded: 0)
System memory in use before: 95.9 MB.
System memory in use after: 96.2 MB.

Unloading 33 unused Assets to reduce memory usage. Loaded Objects now: 2702.
Total: 4.001700 ms (FindLiveObjects: 0.290900 ms CreateObjectMapping: 0.195700 ms MarkObjects: 3.489800 ms  DeleteObjects: 0.023900 ms)

AssetImportParameters requested are different than current active one (requested -> active):
  custom:framework-win-MediaFoundation: 216162199b28c13a410421893ffa2e32 -> 
  custom:video-decoder-ogg-theora: a1e56fd34408186e4bbccfd4996cb3dc -> 
  custom:container-muxer-webm: aa71ff27fc2769a1b78a27578f13a17b -> 
  custom:container-demuxer-webm: 4f35f7cbe854078d1ac9338744f61a02 -> 
  custom:container-demuxer-ogg: 62fdf1f143b41e24485cea50d1cbac27 -> 
  custom:video-encoder-webm-vp8: eb34c28f22e8b96e1ab97ce403110664 -> 
  custom:video-decoder-webm-vp8: 9c59270c3fd7afecdb556c50c9e8de78 -> 
  custom:audio-decoder-ogg-vorbis: bf7c407c2cedff20999df2af8eb42d56 -> 
  custom:audio-encoder-webm-vorbis: bf7c407c2cedff20999df2af8eb42d56 -> 
========================================================================
Received Import Request.
  Time since last request: 39.971306 seconds.
  path: Assets/Macros/PlayerController.asset
  artifactKey: Guid(26dabf59eaa07fd4fa1454d5fceba8ca) Importer(815301076,1909f56bfc062723c751e8b465ee728b)
Start importing Assets/Macros/PlayerController.asset using Guid(26dabf59eaa07fd4fa1454d5fceba8ca) Importer(815301076,1909f56bfc062723c751e8b465ee728b)  -> (artifact id: '07696032d7588d29da2233b649999fe4') in 0.981658 seconds 
  Import took 0.986283 seconds .

========================================================================
Received Import Request.
  Time since last request: 111.467409 seconds.
  path: Assets/Macros
  artifactKey: Guid(b0574780a3d5f37458db0fd32cfc71ee) Importer(815301076,1909f56bfc062723c751e8b465ee728b)
Start importing Assets/Macros using Guid(b0574780a3d5f37458db0fd32cfc71ee) Importer(815301076,1909f56bfc062723c751e8b465ee728b)  -> (artifact id: '858d1a3ded7e972f506ca337a45e3449') in 0.012946 seconds 
  Import took 0.017194 seconds .

========================================================================
Received Import Request.
  Time since last request: 18.921205 seconds.
  path: Assets/Macros/GroundCheck.asset
  artifactKey: Guid(629d602824d1621489369258f854834e) Importer(815301076,1909f56bfc062723c751e8b465ee728b)
Start importing Assets/Macros/GroundCheck.asset using Guid(629d602824d1621489369258f854834e) Importer(815301076,1909f56bfc062723c751e8b465ee728b)  -> (artifact id: '734663924ef0e361b268277eb63d5158') in 0.011736 seconds 
  Import took 0.016254 seconds .

========================================================================
Received Prepare
Registering precompiled user dll's ...
Registered in 0.009783 seconds.
Begin MonoManager ReloadAssembly
Native extension for WindowsStandalone target not found
Refreshing native plugins compatible for Editor in 0.80 ms, found 4 plugins.
Preloading 0 native plugins for Editor in 0.00 ms.
Mono: successfully reloaded assembly
- Completed reload, in  1.400 seconds
Domain Reload Profiling:
	ReloadAssembly (1400ms)
		BeginReloadAssembly (166ms)
			ExecutionOrderSort (0ms)
			DisableScriptedObjects (8ms)
			BackupInstance (0ms)
			ReleaseScriptingObjects (0ms)
			CreateAndSetChildDomain (72ms)
		EndReloadAssembly (1155ms)
			LoadAssemblies (116ms)
			RebuildTransferFunctionScriptingTraits (0ms)
			SetupTypeCache (478ms)
			ReleaseScriptCaches (1ms)
			RebuildScriptCaches (53ms)
			SetupLoadedEditorAssemblies (364ms)
				LogAssemblyErrors (0ms)
				InitializePlatformSupportModulesInManaged (6ms)
				SetLoadedEditorAssemblies (1ms)
				RefreshPlugins (1ms)
				BeforeProcessingInitializeOnLoad (70ms)
				ProcessInitializeOnLoadAttributes (265ms)
				ProcessInitializeOnLoadMethodAttributes (15ms)
				AfterProcessingInitializeOnLoad (7ms)
				EditorAssembliesLoaded (0ms)
			ExecutionOrderSort2 (0ms)
			AwakeInstancesAfterBackupRestoration (12ms)
Platform modules already initialized, skipping
Refreshing native plugins compatible for Editor in 0.66 ms, found 4 plugins.
Preloading 0 native plugins for Editor in 0.00 ms.
Unloading 2187 Unused Serialized files (Serialized files now loaded: 0)
System memory in use before: 96.0 MB.
System memory in use after: 96.2 MB.

Unloading 33 unused Assets to reduce memory usage. Loaded Objects now: 2704.
Total: 4.006100 ms (FindLiveObjects: 0.401300 ms CreateObjectMapping: 0.260100 ms MarkObjects: 3.288800 ms  DeleteObjects: 0.055000 ms)

AssetImportParameters requested are different than current active one (requested -> active):
  custom:framework-win-MediaFoundation: 216162199b28c13a410421893ffa2e32 -> 
  custom:video-decoder-ogg-theora: a1e56fd34408186e4bbccfd4996cb3dc -> 
  custom:container-muxer-webm: aa71ff27fc2769a1b78a27578f13a17b -> 
  custom:container-demuxer-webm: 4f35f7cbe854078d1ac9338744f61a02 -> 
  custom:container-demuxer-ogg: 62fdf1f143b41e24485cea50d1cbac27 -> 
  custom:video-encoder-webm-vp8: eb34c28f22e8b96e1ab97ce403110664 -> 
  custom:video-decoder-webm-vp8: 9c59270c3fd7afecdb556c50c9e8de78 -> 
  custom:audio-decoder-ogg-vorbis: bf7c407c2cedff20999df2af8eb42d56 -> 
  custom:audio-encoder-webm-vorbis: bf7c407c2cedff20999df2af8eb42d56 -> 
========================================================================
Received Prepare
Registering precompiled user dll's ...
Registered in 0.010323 seconds.
Begin MonoManager ReloadAssembly
Native extension for WindowsStandalone target not found
Refreshing native plugins compatible for Editor in 0.88 ms, found 4 plugins.
Preloading 0 native plugins for Editor in 0.00 ms.
Mono: successfully reloaded assembly
- Completed reload, in  1.345 seconds
Domain Reload Profiling:
	ReloadAssembly (1346ms)
		BeginReloadAssembly (144ms)
			ExecutionOrderSort (0ms)
			DisableScriptedObjects (7ms)
			BackupInstance (0ms)
			ReleaseScriptingObjects (0ms)
			CreateAndSetChildDomain (48ms)
		EndReloadAssembly (1124ms)
			LoadAssemblies (116ms)
			RebuildTransferFunctionScriptingTraits (0ms)
			SetupTypeCache (467ms)
			ReleaseScriptCaches (1ms)
			RebuildScriptCaches (48ms)
			SetupLoadedEditorAssemblies (358ms)
				LogAssemblyErrors (0ms)
				InitializePlatformSupportModulesInManaged (6ms)
				SetLoadedEditorAssemblies (1ms)
				RefreshPlugins (1ms)
				BeforeProcessingInitializeOnLoad (73ms)
				ProcessInitializeOnLoadAttributes (257ms)
				ProcessInitializeOnLoadMethodAttributes (13ms)
				AfterProcessingInitializeOnLoad (6ms)
				EditorAssembliesLoaded (0ms)
			ExecutionOrderSort2 (0ms)
			AwakeInstancesAfterBackupRestoration (11ms)
Platform modules already initialized, skipping
Refreshing native plugins compatible for Editor in 0.98 ms, found 4 plugins.
Preloading 0 native plugins for Editor in 0.00 ms.
Unloading 2187 Unused Serialized files (Serialized files now loaded: 0)
System memory in use before: 96.0 MB.
System memory in use after: 96.2 MB.

Unloading 33 unused Assets to reduce memory usage. Loaded Objects now: 2706.
Total: 4.997400 ms (FindLiveObjects: 0.423300 ms CreateObjectMapping: 0.186000 ms MarkObjects: 4.359000 ms  DeleteObjects: 0.027600 ms)

AssetImportParameters requested are different than current active one (requested -> active):
  custom:framework-win-MediaFoundation: 216162199b28c13a410421893ffa2e32 -> 
  custom:video-decoder-ogg-theora: a1e56fd34408186e4bbccfd4996cb3dc -> 
  custom:container-muxer-webm: aa71ff27fc2769a1b78a27578f13a17b -> 
  custom:container-demuxer-webm: 4f35f7cbe854078d1ac9338744f61a02 -> 
  custom:container-demuxer-ogg: 62fdf1f143b41e24485cea50d1cbac27 -> 
  custom:video-encoder-webm-vp8: eb34c28f22e8b96e1ab97ce403110664 -> 
  custom:video-decoder-webm-vp8: 9c59270c3fd7afecdb556c50c9e8de78 -> 
  custom:audio-decoder-ogg-vorbis: bf7c407c2cedff20999df2af8eb42d56 -> 
  custom:audio-encoder-webm-vorbis: bf7c407c2cedff20999df2af8eb42d56 -> 
========================================================================
Received Prepare
Registering precompiled user dll's ...
Registered in 0.010265 seconds.
Begin MonoManager ReloadAssembly
Native extension for WindowsStandalone target not found
Refreshing native plugins compatible for Editor in 0.79 ms, found 4 plugins.
Preloading 0 native plugins for Editor in 0.00 ms.
Mono: successfully reloaded assembly
- Completed reload, in  1.371 seconds
Domain Reload Profiling:
	ReloadAssembly (1372ms)
		BeginReloadAssembly (143ms)
			ExecutionOrderSort (0ms)
			DisableScriptedObjects (7ms)
			BackupInstance (0ms)
			ReleaseScriptingObjects (0ms)
			CreateAndSetChildDomain (48ms)
		EndReloadAssembly (1154ms)
			LoadAssemblies (115ms)
			RebuildTransferFunctionScriptingTraits (0ms)
			SetupTypeCache (472ms)
			ReleaseScriptCaches (2ms)
			RebuildScriptCaches (54ms)
			SetupLoadedEditorAssemblies (365ms)
				LogAssemblyErrors (0ms)
				InitializePlatformSupportModulesInManaged (7ms)
				SetLoadedEditorAssemblies (1ms)
				RefreshPlugins (1ms)
				BeforeProcessingInitializeOnLoad (70ms)
				ProcessInitializeOnLoadAttributes (266ms)
				ProcessInitializeOnLoadMethodAttributes (14ms)
				AfterProcessingInitializeOnLoad (6ms)
				EditorAssembliesLoaded (0ms)
			ExecutionOrderSort2 (0ms)
			AwakeInstancesAfterBackupRestoration (11ms)
Platform modules already initialized, skipping
Refreshing native plugins compatible for Editor in 0.84 ms, found 4 plugins.
Preloading 0 native plugins for Editor in 0.00 ms.
Unloading 2187 Unused Serialized files (Serialized files now loaded: 0)
System memory in use before: 96.0 MB.
System memory in use after: 96.2 MB.

Unloading 33 unused Assets to reduce memory usage. Loaded Objects now: 2708.
Total: 4.671700 ms (FindLiveObjects: 0.375900 ms CreateObjectMapping: 0.143000 ms MarkObjects: 4.098800 ms  DeleteObjects: 0.052200 ms)

AssetImportParameters requested are different than current active one (requested -> active):
  custom:framework-win-MediaFoundation: 216162199b28c13a410421893ffa2e32 -> 
  custom:video-decoder-ogg-theora: a1e56fd34408186e4bbccfd4996cb3dc -> 
  custom:container-muxer-webm: aa71ff27fc2769a1b78a27578f13a17b -> 
  custom:container-demuxer-webm: 4f35f7cbe854078d1ac9338744f61a02 -> 
  custom:container-demuxer-ogg: 62fdf1f143b41e24485cea50d1cbac27 -> 
  custom:video-encoder-webm-vp8: eb34c28f22e8b96e1ab97ce403110664 -> 
  custom:video-decoder-webm-vp8: 9c59270c3fd7afecdb556c50c9e8de78 -> 
  custom:audio-decoder-ogg-vorbis: bf7c407c2cedff20999df2af8eb42d56 -> 
  custom:audio-encoder-webm-vorbis: bf7c407c2cedff20999df2af8eb42d56 -> 
========================================================================
Received Prepare
Registering precompiled user dll's ...
Registered in 0.010460 seconds.
Begin MonoManager ReloadAssembly
Native extension for WindowsStandalone target not found
Refreshing native plugins compatible for Editor in 0.71 ms, found 4 plugins.
Preloading 0 native plugins for Editor in 0.00 ms.
Mono: successfully reloaded assembly
- Completed reload, in  1.345 seconds
Domain Reload Profiling:
	ReloadAssembly (1345ms)
		BeginReloadAssembly (135ms)
			ExecutionOrderSort (0ms)
			DisableScriptedObjects (7ms)
			BackupInstance (0ms)
			ReleaseScriptingObjects (0ms)
			CreateAndSetChildDomain (52ms)
		EndReloadAssembly (1137ms)
			LoadAssemblies (117ms)
			RebuildTransferFunctionScriptingTraits (0ms)
			SetupTypeCache (454ms)
			ReleaseScriptCaches (1ms)
			RebuildScriptCaches (51ms)
			SetupLoadedEditorAssemblies (363ms)
				LogAssemblyErrors (0ms)
				InitializePlatformSupportModulesInManaged (8ms)
				SetLoadedEditorAssemblies (1ms)
				RefreshPlugins (1ms)
				BeforeProcessingInitializeOnLoad (70ms)
				ProcessInitializeOnLoadAttributes (261ms)
				ProcessInitializeOnLoadMethodAttributes (14ms)
				AfterProcessingInitializeOnLoad (8ms)
				EditorAssembliesLoaded (0ms)
			ExecutionOrderSort2 (0ms)
			AwakeInstancesAfterBackupRestoration (15ms)
Platform modules already initialized, skipping
Refreshing native plugins compatible for Editor in 0.97 ms, found 4 plugins.
Preloading 0 native plugins for Editor in 0.00 ms.
Unloading 2187 Unused Serialized files (Serialized files now loaded: 0)
System memory in use before: 95.9 MB.
System memory in use after: 96.1 MB.

Unloading 33 unused Assets to reduce memory usage. Loaded Objects now: 2710.
Total: 5.287900 ms (FindLiveObjects: 0.338200 ms CreateObjectMapping: 0.193000 ms MarkObjects: 4.687600 ms  DeleteObjects: 0.067500 ms)

AssetImportParameters requested are different than current active one (requested -> active):
  custom:framework-win-MediaFoundation: 216162199b28c13a410421893ffa2e32 -> 
  custom:video-decoder-ogg-theora: a1e56fd34408186e4bbccfd4996cb3dc -> 
  custom:container-muxer-webm: aa71ff27fc2769a1b78a27578f13a17b -> 
  custom:container-demuxer-webm: 4f35f7cbe854078d1ac9338744f61a02 -> 
  custom:container-demuxer-ogg: 62fdf1f143b41e24485cea50d1cbac27 -> 
  custom:video-encoder-webm-vp8: eb34c28f22e8b96e1ab97ce403110664 -> 
  custom:video-decoder-webm-vp8: 9c59270c3fd7afecdb556c50c9e8de78 -> 
  custom:audio-decoder-ogg-vorbis: bf7c407c2cedff20999df2af8eb42d56 -> 
  custom:audio-encoder-webm-vorbis: bf7c407c2cedff20999df2af8eb42d56 -> 
========================================================================
Received Import Request.
  Time since last request: 1012.974305 seconds.
  path: Assets/Macros/Spikes.asset
  artifactKey: Guid(f67badb8e102fed45bb20ae8f50d5bc7) Importer(815301076,1909f56bfc062723c751e8b465ee728b)
Start importing Assets/Macros/Spikes.asset using Guid(f67badb8e102fed45bb20ae8f50d5bc7) Importer(815301076,1909f56bfc062723c751e8b465ee728b)  -> (artifact id: 'caad4971c69e32ee4bf07f975af95b40') in 0.224788 seconds 
  Import took 0.228839 seconds .

========================================================================
Received Prepare
Registering precompiled user dll's ...
Registered in 0.009421 seconds.
Begin MonoManager ReloadAssembly
Native extension for WindowsStandalone target not found
Refreshing native plugins compatible for Editor in 0.86 ms, found 4 plugins.
Preloading 0 native plugins for Editor in 0.00 ms.
Mono: successfully reloaded assembly
- Completed reload, in  1.366 seconds
Domain Reload Profiling:
	ReloadAssembly (1366ms)
		BeginReloadAssembly (149ms)
			ExecutionOrderSort (0ms)
			DisableScriptedObjects (8ms)
			BackupInstance (0ms)
			ReleaseScriptingObjects (0ms)
			CreateAndSetChildDomain (59ms)
		EndReloadAssembly (1138ms)
			LoadAssemblies (115ms)
			RebuildTransferFunctionScriptingTraits (0ms)
			SetupTypeCache (469ms)
			ReleaseScriptCaches (1ms)
			RebuildScriptCaches (54ms)
			SetupLoadedEditorAssemblies (355ms)
				LogAssemblyErrors (0ms)
				InitializePlatformSupportModulesInManaged (6ms)
				SetLoadedEditorAssemblies (1ms)
				RefreshPlugins (1ms)
				BeforeProcessingInitializeOnLoad (69ms)
				ProcessInitializeOnLoadAttributes (258ms)
				ProcessInitializeOnLoadMethodAttributes (14ms)
				AfterProcessingInitializeOnLoad (6ms)
				EditorAssembliesLoaded (0ms)
			ExecutionOrderSort2 (0ms)
			AwakeInstancesAfterBackupRestoration (11ms)
Platform modules already initialized, skipping
Refreshing native plugins compatible for Editor in 0.73 ms, found 4 plugins.
Preloading 0 native plugins for Editor in 0.00 ms.
Unloading 2187 Unused Serialized files (Serialized files now loaded: 0)
System memory in use before: 96.0 MB.
System memory in use after: 96.2 MB.

Unloading 33 unused Assets to reduce memory usage. Loaded Objects now: 2712.
Total: 4.731600 ms (FindLiveObjects: 0.320000 ms CreateObjectMapping: 0.103000 ms MarkObjects: 4.275300 ms  DeleteObjects: 0.031900 ms)

AssetImportParameters requested are different than current active one (requested -> active):
  custom:framework-win-MediaFoundation: 216162199b28c13a410421893ffa2e32 -> 
  custom:video-decoder-ogg-theora: a1e56fd34408186e4bbccfd4996cb3dc -> 
  custom:container-muxer-webm: aa71ff27fc2769a1b78a27578f13a17b -> 
  custom:container-demuxer-webm: 4f35f7cbe854078d1ac9338744f61a02 -> 
  custom:container-demuxer-ogg: 62fdf1f143b41e24485cea50d1cbac27 -> 
  custom:video-encoder-webm-vp8: eb34c28f22e8b96e1ab97ce403110664 -> 
  custom:video-decoder-webm-vp8: 9c59270c3fd7afecdb556c50c9e8de78 -> 
  custom:audio-decoder-ogg-vorbis: bf7c407c2cedff20999df2af8eb42d56 -> 
  custom:audio-encoder-webm-vorbis: bf7c407c2cedff20999df2af8eb42d56 -> 
========================================================================
Received Import Request.
  Time since last request: 191.215824 seconds.
  path: Assets/Macros/GroundCheck.asset
  artifactKey: Guid(629d602824d1621489369258f854834e) Importer(815301076,1909f56bfc062723c751e8b465ee728b)
Start importing Assets/Macros/GroundCheck.asset using Guid(629d602824d1621489369258f854834e) Importer(815301076,1909f56bfc062723c751e8b465ee728b)  -> (artifact id: '846219fd0a1dfcbeda8e9dd0267d0853') in 0.672599 seconds 
  Import took 0.676801 seconds .

========================================================================
Received Import Request.
  Time since last request: 0.000278 seconds.
  path: Assets/Macros/Spikes.asset
  artifactKey: Guid(f67badb8e102fed45bb20ae8f50d5bc7) Importer(815301076,1909f56bfc062723c751e8b465ee728b)
Start importing Assets/Macros/Spikes.asset using Guid(f67badb8e102fed45bb20ae8f50d5bc7) Importer(815301076,1909f56bfc062723c751e8b465ee728b)  -> (artifact id: '5b11881aef13d25bbcf9297a8b4465fe') in 0.059219 seconds 
  Import took 0.063933 seconds .

========================================================================
Received Import Request.
  Time since last request: 0.000303 seconds.
  path: Assets/Macros/PlayerController.asset
  artifactKey: Guid(26dabf59eaa07fd4fa1454d5fceba8ca) Importer(815301076,1909f56bfc062723c751e8b465ee728b)
Start importing Assets/Macros/PlayerController.asset using Guid(26dabf59eaa07fd4fa1454d5fceba8ca) Importer(815301076,1909f56bfc062723c751e8b465ee728b) Could not load connection between 'grounded' of 'SuperUnit#77ebb...' and '%value' of 'InvokeMember#db4e0...'.
UnityEngine.StackTraceUtility:ExtractStackTrace ()
UnityEngine.DebugLogHandler:LogFormat (UnityEngine.LogType,UnityEngine.Object,string,object[])
UnityEngine.Logger:Log (UnityEngine.LogType,object)
UnityEngine.Debug:LogWarning (object)
Bolt.UnitConnection`2<Bolt.ValueOutput, Bolt.ValueInput>:HandleDependencies () (at Bolt.Flow.Runtime/Connections/UnitConnection.cs:146)
Ludiq.Graph:OnAfterDependenciesDeserialized () (at Ludiq.Graphs.Runtime/Graph.cs:117)
Ludiq.Serialization:CheckIfDependenciesMet (Ludiq.ISerializationDepender) (at Ludiq.Core.Runtime/Serialization/Serialization.cs:296)
Ludiq.Serialization:AwaitDependencies (Ludiq.ISerializationDepender) (at Ludiq.Core.Runtime/Serialization/Serialization.cs:236)
Ludiq.Graph:OnAfterDeserialize () (at Ludiq.Graphs.Runtime/Graph.cs:98)
Ludiq.FullSerializer.fsSerializationCallbackReceiverProcessor:OnAfterDeserialize (System.Type,object) (at Ludiq.Core.Runtime/Dependencies/FullSerializer/fsISerializationCallbacks.cs:127)
Ludiq.FullSerializer.fsSerializer:Invoke_OnAfterDeserialize (System.Collections.Generic.List`1<Ludiq.FullSerializer.fsObjectProcessor>,System.Type,object) (at Ludiq.Core.Runtime/Dependencies/FullSerializer/fsSerializer.cs:1190)
Ludiq.FullSerializer.fsSerializer:TryDeserialize (Ludiq.FullSerializer.fsData,System.Type,System.Type,object&) (at Ludiq.Core.Runtime/Dependencies/FullSerializer/fsSerializer.cs:675)
Ludiq.FullSerializer.fsReflectedConverter:TryDeserialize (Ludiq.FullSerializer.fsData,object&,System.Type) (at Ludiq.Core.Runtime/Dependencies/FullSerializer/Converters/fsReflectedConverter.cs:97)
Ludiq.FullSerializer.fsSerializer:InternalDeserialize_5_Converter (System.Type,Ludiq.FullSerializer.fsData,System.Type,object&) (at Ludiq.Core.Runtime/Dependencies/FullSerializer/fsSerializer.cs:899)
Ludiq.FullSerializer.fsSerializer:InternalDeserialize_4_Cycles (System.Type,Ludiq.FullSerializer.fsData,System.Type,object&) (at Ludiq.Core.Runtime/Dependencies/FullSerializer/fsSerializer.cs:889)
Ludiq.FullSerializer.fsSerializer:InternalDeserialize_3_Inheritance (System.Type,Ludiq.FullSerializer.fsData,System.Type,object&,System.Collections.Generic.List`1<Ludiq.FullSerializer.fsObjectProcessor>&) (at Ludiq.Core.Runtime/Dependencies/FullSerializer/fsSerializer.cs:864)
Ludiq.FullSerializer.fsSerializer:InternalDeserialize_2_Version (System.Type,Ludiq.FullSerializer.fsData,System.Type,object&,System.Collections.Generic.List`1<Ludiq.FullSerializer.fsObjectProcessor>&) (at Ludiq.Core.Runtime/Dependencies/FullSerializer/fsSerializer.cs:768)
Ludiq.FullSerializer.fsSerializer:InternalDeserialize_1_CycleReference (System.Type,Ludiq.FullSerializer.fsData,System.Type,object&,System.Collections.Generic.List`1<Ludiq.FullSerializer.fsObjectProcessor>&) (at Ludiq.Core.Runtime/Dependencies/FullSerializer/fsSerializer.cs:713)
Ludiq.FullSerializer.fsSerializer:TryDeserialize (Ludiq.FullSerializer.fsData,System.Type,System.Type,object&) (at Ludiq.Core.Runtime/Dependencies/FullSerializer/fsSerializer.cs:666)
Ludiq.Serialization:DeserializeJson (Ludiq.FullSerializer.fsSerializer,string,object&,bool) (at Ludiq.Core.Runtime/Serialization/Serialization.cs:171)
Ludiq.Serialization:DeserializeInto (Ludiq.SerializationData,object&,bool) (at Ludiq.Core.Runtime/Serialization/Serialization.cs:113)
Ludiq.LudiqScriptableObject:UnityEngine.ISerializationCallbackReceiver.OnAfterDeserialize () (at Ludiq.Core.Runtime/Unity/LudiqScriptableObject.cs:50)

(Filename: Bolt.Flow.Runtime/Connections/UnitConnection.cs Line: 146)

Could not load connection between 'grounded' of 'SuperUnit#bf344...' and 'condition' of 'Branch#824a6...'.
UnityEngine.StackTraceUtility:ExtractStackTrace ()
UnityEngine.DebugLogHandler:LogFormat (UnityEngine.LogType,UnityEngine.Object,string,object[])
UnityEngine.Logger:Log (UnityEngine.LogType,object)
UnityEngine.Debug:LogWarning (object)
Bolt.UnitConnection`2<Bolt.ValueOutput, Bolt.ValueInput>:HandleDependencies () (at Bolt.Flow.Runtime/Connections/UnitConnection.cs:146)
Ludiq.Graph:OnAfterDependenciesDeserialized () (at Ludiq.Graphs.Runtime/Graph.cs:117)
Ludiq.Serialization:CheckIfDependenciesMet (Ludiq.ISerializationDepender) (at Ludiq.Core.Runtime/Serialization/Serialization.cs:296)
Ludiq.Serialization:AwaitDependencies (Ludiq.ISerializationDepender) (at Ludiq.Core.Runtime/Serialization/Serialization.cs:236)
Ludiq.Graph:OnAfterDeserialize () (at Ludiq.Graphs.Runtime/Graph.cs:98)
Ludiq.FullSerializer.fsSerializationCallbackReceiverProcessor:OnAfterDeserialize (System.Type,object) (at Ludiq.Core.Runtime/Dependencies/FullSerializer/fsISerializationCallbacks.cs:127)
Ludiq.FullSerializer.fsSerializer:Invoke_OnAfterDeserialize (System.Collections.Generic.List`1<Ludiq.FullSerializer.fsObjectProcessor>,System.Type,object) (at Ludiq.Core.Runtime/Dependencies/FullSerializer/fsSerializer.cs:1190)
Ludiq.FullSerializer.fsSerializer:TryDeserialize (Ludiq.FullSerializer.fsData,System.Type,System.Type,object&) (at Ludiq.Core.Runtime/Dependencies/FullSerializer/fsSerializer.cs:675)
Ludiq.FullSerializer.fsReflectedConverter:TryDeserialize (Ludiq.FullSerializer.fsData,object&,System.Type) (at Ludiq.Core.Runtime/Dependencies/FullSerializer/Converters/fsReflectedConverter.cs:97)
Ludiq.FullSerializer.fsSerializer:InternalDeserialize_5_Converter (System.Type,Ludiq.FullSerializer.fsData,System.Type,object&) (at Ludiq.Core.Runtime/Dependencies/FullSerializer/fsSerializer.cs:899)
Ludiq.FullSerializer.fsSerializer:InternalDeserialize_4_Cycles (System.Type,Ludiq.FullSerializer.fsData,System.Type,object&) (at Ludiq.Core.Runtime/Dependencies/FullSerializer/fsSerializer.cs:889)
Ludiq.FullSerializer.fsSerializer:InternalDeserialize_3_Inheritance (System.Type,Ludiq.FullSerializer.fsData,System.Type,object&,System.Collections.Generic.List`1<Ludiq.FullSerializer.fsObjectProcessor>&) (at Ludiq.Core.Runtime/Dependencies/FullSerializer/fsSerializer.cs:864)
Ludiq.FullSerializer.fsSerializer:InternalDeserialize_2_Version (System.Type,Ludiq.FullSerializer.fsData,System.Type,object&,System.Collections.Generic.List`1<Ludiq.FullSerializer.fsObjectProcessor>&) (at Ludiq.Core.Runtime/Dependencies/FullSerializer/fsSerializer.cs:768)
Ludiq.FullSerializer.fsSerializer:InternalDeserialize_1_CycleReference (System.Type,Ludiq.FullSerializer.fsData,System.Type,object&,System.Collections.Generic.List`1<Ludiq.FullSerializer.fsObjectProcessor>&) (at Ludiq.Core.Runtime/Dependencies/FullSerializer/fsSerializer.cs:713)
Ludiq.FullSerializer.fsSerializer:TryDeserialize (Ludiq.FullSerializer.fsData,System.Type,System.Type,object&) (at Ludiq.Core.Runtime/Dependencies/FullSerializer/fsSerializer.cs:666)
Ludiq.Serialization:DeserializeJson (Ludiq.FullSerializer.fsSerializer,string,object&,bool) (at Ludiq.Core.Runtime/Serialization/Serialization.cs:171)
Ludiq.Serialization:DeserializeInto (Ludiq.SerializationData,object&,bool) (at Ludiq.Core.Runtime/Serialization/Serialization.cs:113)
Ludiq.LudiqScriptableObject:UnityEngine.ISerializationCallbackReceiver.OnAfterDeserialize () (at Ludiq.Core.Runtime/Unity/LudiqScriptableObject.cs:50)

(Filename: Bolt.Flow.Runtime/Connections/UnitConnection.cs Line: 146)

 -> (artifact id: 'dcceb6b04d876609bac6cf3527d4f120') in 0.353518 seconds 
  Import took 0.358412 seconds .

AssetImportWorkerClient::OnTransportError - code=2 error=End of file
